C51 COMPILER V8.16   GMI_SCALER                                                            04/05/2012 11:15:36 PAGE 1   


C51 COMPILER V8.16, COMPILATION OF MODULE GMI_SCALER
OBJECT MODULE PLACED IN .\Output\gmi_Scaler.obj
COMPILER INVOKED BY: D:\安装文件\keil\C51\BIN\C51.EXE Lib\gmi_Scaler.c OPTIMIZE(9,SIZE) BROWSE DEFINE(CMOS_CHIP_TYPE=PCB
                    -_2025LV13) PRINT(.\Output\gmi_Scaler.lst) OBJECT(.\Output\gmi_Scaler.obj)

line level    source

   1          //----------------------------------------------------------------------------------------------------
   2          // ID Code      : Scaler.c No.0004
   3          // Update Note  : 
   4          //
   5          //----------------------------------------------------------------------------------------------------
   6          
   7          #include "Header\Include.h"
   8          
   9          
  10            


MODULE INFORMATION:   STATIC OVERLAYABLE
   CODE SIZE        =   ----    ----
   CONSTANT SIZE    =   ----    ----
   XDATA SIZE       =   ----    ----
   PDATA SIZE       =   ----    ----
   DATA SIZE        =   ----    ----
   IDATA SIZE       =   ----    ----
   BIT SIZE         =   ----    ----
END OF MODULE INFORMATION.


C51 COMPILATION COMPLETE.  0 WARNING(S),  0 ERROR(S)
