C51 COMPILER V8.16   STRUCT                                                                04/05/2012 11:15:24 PAGE 1   


C51 COMPILER V8.16, COMPILATION OF MODULE STRUCT
OBJECT MODULE PLACED IN .\Output\Struct.obj
COMPILER INVOKED BY: D:\安装文件\keil\C51\BIN\C51.EXE Code\Struct.c OPTIMIZE(9,SIZE) BROWSE DEFINE(CMOS_CHIP_TYPE=PCB_20
                    -25LV13) PRINT(.\Output\Struct.lst) OBJECT(.\Output\Struct.obj)

line level    source

   1          //----------------------------------------------------------------------------------------------------
   2          // ID Code      : Struct.c No.0000
   3          // Update Note  : 
   4          //
   5          //----------------------------------------------------------------------------------------------------
   6          
   7          #include "Header\Include.h"
   8          
   9          
  10          //--------------------------------------------------
  11          // Global Variables
  12          //--------------------------------------------------
  13          StructModeUserDataType          xdata   stModeUserData;
  14          StructModeUserCenterDataType    xdata   stModeUserCenterData;
  15          StructSystemDataType            idata   stSystemData;
  16          StructOsdUserDataType           idata   stOsdUserData;
  17          StructAdcDataType               idata   stAdcData;
  18          StructColorProc0DataType        xdata   stConBriData;
  19          StructColorProc1DataType        xdata   stColorTempData;
  20          
  21          
  22          ModeInformationType             xdata   stModeInfo;
  23          DisplayTableType                xdata   stDisplayInfo;
  24          
  25          #if(_VIDEO_SUPPORT)
  26          StructVDCColor                  idata   stVDCColor;
  27          #endif
  28          


MODULE INFORMATION:   STATIC OVERLAYABLE
   CODE SIZE        =   ----    ----
   CONSTANT SIZE    =   ----    ----
   XDATA SIZE       =     51    ----
   PDATA SIZE       =   ----    ----
   DATA SIZE        =   ----    ----
   IDATA SIZE       =     24    ----
   BIT SIZE         =   ----    ----
END OF MODULE INFORMATION.


C51 COMPILATION COMPLETE.  0 WARNING(S),  0 ERROR(S)
