DTV 191¸ö radio 133¸ö

9  [4193][0][6000]
52 [4176][0][18000]
9  [4141][0][27500]
2  [4101][0][27500]
10 [4061][0][27500]
8  [4021][0][27500]
10 [3981][0][27500]
2  [3952][0][9520]
6  [3941][0][5950]
1  [3930][0][8840]
6  [3914][0][6400]
10 [3903][0][9300]
4  [3893][0][4420]
1  [3886][0][4341]
10 [3872][0][9080]
6  [3862][0][4800]
7  [3855][0][4420]
1  [3847][0][5950]
7  [3835][0][5400]
10 [3826][0][6780]
1  [3816][0][4420]
9  [3808][0][6000]
6  [3781][0][27500]
4  [3741][0][27500]
11 [3681][0][27500]
14 [4172][1][9200]
6  [4160][1][8680]
11 [4149][1][6150]
7  [4117][1][21374]
9  [4082][1][27500]
9  [4042][1][27500]
1  [4002][1][27495]
12 [3973][1][10000]
1  [3963][1][3572]
3  [3952][1][11410]
5  [3922][1][27500]
7  [3882][1][27500]
7  [3842][1][27500]
2  [3810][1][8800]
7  [3798][1][6930]
1  [3771][1][13400]
10 [3752][1][10490]
3  [3732][1][10720]
13 [3711][1][10920]
